---
layout: post
title: "denoland/dntãŒerror TS2304: Cannot find name 'ErrorOptions'ã§å¤±æ•—ã™ã‚‹"
slug: denoland-dnt-cannot-find-error-options
date: 2024-08-13 00:30:00 +0900
comments: true
categories: [typescript, javascript, deno]
---

å…ˆæ—¥npmã¸ã®ãƒ‘ãƒƒã‚±ãƒ¼ã‚¸å…¬é–‹ã«ãƒãƒ£ãƒ¬ãƒ³ã‚¸ã—ã¦ã¿ã¾ã—ãŸã€‚

- [npmã¨jsrã«ãƒ‘ãƒƒã‚±ãƒ¼ã‚¸ã‚’å…¬é–‹ã—ã¦ã¿ãŸ (èªè¨¼ãƒãƒƒã‚¸ä»˜) ](https://shogo82148.github.io/blog/2024/06/23/2024-06-23-publish-to-npm-and-jsr/)

ã—ã‹ã—2ã‹æœˆã‚‚çµŒãŸãªã„ã†ã¡ã«ãƒ“ãƒ«ãƒ‰ã«å¤±æ•—ã™ã‚‹ã‚ˆã†ã«ãªã£ã¦ã—ã¾ã„ã¾ã—ãŸãƒ»ãƒ»ãƒ»ã€‚
ä½•ã‚‚ã—ã¦ã„ãªã„ã®ã«å£Šã‚ŒãŸã€‚

```plain
% deno run -A scripts/build_npm.ts
[dnt] Transforming...
[dnt] Running npm install...

added 7 packages, and audited 8 packages in 4s

found 0 vulnerabilities
[dnt] Building project...
[dnt] Type checking ESM...
src/deps/jsr.io/@std/assert/1.0.2/assertion_error.ts:27:42 - error TS2304: Cannot find name 'ErrorOptions'.

27   constructor(message: string, options?: ErrorOptions) {
                                            ~~~~~~~~~~~~
src/deps/jsr.io/@std/assert/1.0.2/assertion_error.ts:27:42 - error TS4063: Parameter 'options' of constructor from exported class has or is using private name 'ErrorOptions'.

27   constructor(message: string, options?: ErrorOptions) {
                                            ~~~~~~~~~~~~
src/deps/jsr.io/@std/assert/1.0.2/assertion_error.ts:28:20 - error TS2554: Expected 0-1 arguments, but got 2.

28     super(message, options);
                      ~~~~~~~
src/deps/jsr.io/@std/assert/1.0.2/object_match.ts:125:33 - error TS2339: Property 'intersection' does not exist on type 'Set<any>'.

125           filtered[key] = value.intersection(subset);
                                    ~~~~~~~~~~~~
src/deps/jsr.io/@std/assert/1.0.2/object_match.ts:187:31 - error TS2339: Property 'intersection' does not exist on type 'Set<any>'.

187           filtered.push(value.intersection(subset));
                                  ~~~~~~~~~~~~

error: Uncaught (in promise) Error: Had 5 diagnostics.
          throw new Error(`Had ${diagnostics.length} diagnostics.`);
                ^
    at getProgramAndMaybeTypeCheck (https://jsr.io/@deno/dnt/0.41.2/mod.ts:468:17)
    at build (https://jsr.io/@deno/dnt/0.41.2/mod.ts:354:17)
    at eventLoopTick (ext:core/01_core.js:168:7)
    at async file:///Users/shogo/src/github.com/shogo82148/a1notation/scripts/build_npm.ts:6:1
```

é©å½“ã«ã‚°ã‚°ã£ã¦ã¿ã¦ã‚‚åŒã˜ç¾è±¡ã«æ‚©ã‚“ã§ã„ã‚‹äººã‚’è¦‹ã¤ã‘ã‚‰ã‚Œãªã‹ã£ãŸã®ã§ã€è‡ªå‰ã®ãƒ¯ãƒ¼ã‚¯ã‚¢ãƒ©ã‚¦ãƒ³ãƒ‰ã§å›é¿ã—ãŸæ–¹æ³•ã‚’ãƒ¡ãƒ¢ã£ã¦ãŠãã¾ã™ã€‚

## åŸå› 

ç›´æ¥ã®åŸå› ã¯[@std/assert](https://jsr.io/@std/assert) ãŒECMAScriptã®æ–°æ©Ÿèƒ½ã‚’ä½¿ã†ã‚ˆã†ã«ãªã£ãŸãŸã‚ã§ã™ã€‚

`ErrorOptions` ã¯ ES2022 ã‹ã‚‰ã®æ–°æ©Ÿèƒ½ã§ã™ã€‚
[Node Green](https://node.green/) ã«ã‚ˆã‚‹ã¨ Node 16.13.2 ã‹ã‚‰å¯¾å¿œã—ã¦ã„ã¾ã™ã€‚
æ‰‹å…ƒã®Nodeã¯v20.11.0ãªã®ã§å¯¾å¿œæ¸ˆã¿ã®ãƒã‚ºã§ã™ãŒã€ãªãœã‹ã‚¨ãƒ©ãƒ¼ã«ãªã£ã¦ã—ã¾ã„ã¾ã—ãŸã€‚

- [TypeScriptã®ã‚¨ãƒ©ãƒ¼å‡¦ç†ï¼ˆES2022ã®æ–°æ©Ÿèƒ½ã‚’æ·»ãˆã¦ï¼‰](https://speakerdeck.com/akeno/typescriptfalseerachu-li-es2022falsexin-ji-neng-wotian-ete)

`Set.prototype.intersection` ã¯ ES2025 ã‹ã‚‰ã®æ–°æ©Ÿèƒ½ã§ã™ã€‚
[Node Green](https://node.green/) ã«ã‚ˆã‚‹ã¨ Node 22.6.0 ã‹ã‚‰å¯¾å¿œã—ã¦ã„ã¾ã™ã€‚
æ‰‹å…ƒã®Nodeã¯v20.11.0ãªã®ã§æœªå¯¾å¿œã§ã™ã­ã€‚

- [ã€JavaScriptã€‘ãƒã‚¤ãƒ†ã‚£ãƒ–ã§é›†åˆæ¼”ç®—ã§ãã‚‹ã‚ˆã†ã«ãªã£ãŸ](https://qiita.com/rana_kualu/items/444cbac3a2ca26152d7a)

## ãƒ¯ãƒ¼ã‚¯ã‚¢ãƒ©ã‚¦ãƒ³ãƒ‰

ã¨ã‚Šã‚ãˆãšãƒ†ã‚¹ãƒˆãŒé€šã‚Œã°ã„ã„ã®ã§ã€é›‘ãªãƒ¯ãƒ¼ã‚¯ã‚¢ãƒ©ã‚¦ãƒ³ãƒ‰ã‚’æ›¸ãã¾ã—ãŸã€‚

### è‡ªå‰å®šç¾©ã®ErrorOptionsã‚’å·®ã—è¾¼ã‚€

`ErrorOptions` ãŒè¦‹ã¤ã‹ã‚‰ãªã„ï¼ã¨æ€’ã‚‰ã‚Œã‚‹ã®ã§ã€ç‹¬è‡ªå®Ÿè£…ã® `ErrorOptions` ã‚’å®šç¾©ã—ã¾ã™ã€‚

```typescript
// custom_error_options.ts
export class ErrorOptions {
  cause?: Error;
}
```

ãƒ“ãƒ«ãƒ‰ã®è¨­å®šæ™‚ã«ã“ã®ãƒ•ã‚¡ã‚¤ãƒ«ã‚’èª­ã¿è¾¼ã¾ã›ã‚‹ã¨ `ErrorOptions` ã«é–¢ã™ã‚‹ã‚¨ãƒ©ãƒ¼ã¯å›é¿ã§ãã¾ã™ã€‚

```diff
--- a/scripts/build_npm.ts
+++ b/scripts/build_npm.ts
@@ -8,6 +8,14 @@ await build({
   outDir: "./npm",
   shims: {
     deno: true,
+
+    // workaround for https://github.com/shogo82148/a1notation/issues/7
+    customDev: [
+      {
+        module: "./custom_error_options.ts",
+        globalNames: ["ErrorOptions"],
+      },
+    ],
   },
   package: {
     // package.json properties
```

### å‹ãƒã‚§ãƒƒã‚¯ã‚’ç„¡åŠ¹åŒ–ã™ã‚‹

`Set.prototype.intersection` ãŒæœªå®šç¾©ãªä»¶ã¯å‹ãƒã‚§ãƒƒã‚¯ã‚’ç„¡åŠ¹åŒ–ã™ã‚‹ã“ã¨ã§å›é¿ã—ã¾ã—ãŸã€‚

```diff
--- a/scripts/build_npm.ts
+++ b/scripts/build_npm.ts
@@ -23,6 +31,10 @@ await build({
       url: "https://github.com/shogo82148/a1notation/issues",
     },
   },
+
+  // workaround for https://github.com/shogo82148/a1notation/issues/7
+  typeCheck: false,
+
   postBuild() {
     // steps to run after building and before running the tests
     Deno.copyFileSync("LICENSE", "npm/LICENSE");
```

## ã¾ã¨ã‚

[denoland/dnt](https://github.com/denoland/dnt) ãŒ `error TS2304: Cannot find name 'ErrorOptions'` ã§å¤±æ•—ã™ã‚‹ã‚ˆã†ã«ãªã£ã¦ã—ã¾ã£ãŸã®ã§ã€
é›‘ãªãƒ¯ãƒ¼ã‚¯ã‚¢ãƒ©ã‚¦ãƒ³ãƒ‰ã§å¯¾å¿œã—ã¾ã—ãŸã€‚

- è‡ªå‰å®šç¾©ã®ErrorOptionsã‚’å·®ã—è¾¼ã‚€
- å‹ãƒã‚§ãƒƒã‚¯ã‚’ç„¡åŠ¹åŒ–ã™ã‚‹

ã€Œã‚‚ã£ã¨ã‚¹ãƒãƒ¼ãƒˆãªè§£æ±ºæ–¹æ³•ãŒã‚ã‚‹ã‚ˆã€ã¨ã„ã†æ–¹ã¯æ•™ãˆã¦ãã ã•ã„ã€‚

> å°ã•ãªã‚¦ã‚µã‚®ãŒè¨€ã†ã«ã¯ã€\
> ã‚¨ãƒ©ãƒ¼ã‚‚è§£æ±ºã€å–œã³ã®èˆã€‚\
> æ–°ã—ã„é“ã‚’å…±ã«æ­©ã‚‚ã†ã€\
>ã‚³ãƒ¼ãƒ‰ãŒè¼ãã€æœªæ¥ã®ãŸã‚ã«ã€‚\
> ğŸ‡âœ¨
>
> by [CodeRabbit](https://coderabbit.ai/)

## å‚è€ƒ

- [denoland/dnt](https://github.com/denoland/dnt)
- [npmã¨jsrã«ãƒ‘ãƒƒã‚±ãƒ¼ã‚¸ã‚’å…¬é–‹ã—ã¦ã¿ãŸ (èªè¨¼ãƒãƒƒã‚¸ä»˜) ](https://shogo82148.github.io/blog/2024/06/23/2024-06-23-publish-to-npm-and-jsr/)
- [@std/assert](https://jsr.io/@std/assert)
- [TypeScriptã®ã‚¨ãƒ©ãƒ¼å‡¦ç†ï¼ˆES2022ã®æ–°æ©Ÿèƒ½ã‚’æ·»ãˆã¦ï¼‰](https://speakerdeck.com/akeno/typescriptfalseerachu-li-es2022falsexin-ji-neng-wotian-ete)
- [Node Green](https://node.green/)
